"../../../Engine/Content/Functions/Engine_MaterialFunctions01/Opacity/CameraDepthFade.uasset" 0
"../../../Engine/Content/EngineMaterials/T_Default_Material_Grid_M.uasset" 1
"../../../Engine/Content/EngineMaterials/T_Default_Material_Grid_N.uasset" 2
"../../../Engine/Content/EngineMaterials/WorldGridMaterial.uasset" 3
"../../../MixamoTest/Content/SM_Plains_Floors_TrimDesign05.uasset" 4
"../../../MixamoTest/Content/SM_Plains_Floors_TrimFlat01.uasset" 5
"../../../MixamoTest/Content/GTFreeMaterials/Textures/Metal_DiamondPlateSciFi/Metal_DiamondPlateSciFi_2k_alb.uasset" 6
"../../../MixamoTest/Content/GTFreeMaterials/Textures/Metal_DiamondPlateSciFi/Metal_DiamondPlateSciFi_2k_g.uasset" 7
"../../../MixamoTest/Content/GTFreeMaterials/Textures/Metal_DiamondPlateSciFi/Metal_DiamondPlateSciFi_2k_mask.uasset" 8
"../../../MixamoTest/Content/GTFreeMaterials/Textures/Metal_DiamondPlateSciFi/Metal_DiamondPlateSciFi_2k_n.uasset" 9
"../../../MixamoTest/Content/GTFreeMaterials/Textures/Metal_DiamondPlateSciFi/Metal_DiamondPlateSciFi_2k_s.uasset" 10
"../../../MixamoTest/Content/GTFreeMaterials/Materials/Metal_DiamondPlateSciFi.uasset" 11
"../../../Engine/Content/BasicShapes/Plane.uasset" 12
"../../../MixamoTest/Content/Blueprint/Plataforma/Plataforma_movilH01.uasset" 13
"../../../MixamoTest/Content/Blueprint/Plataforma/Plataforma_MovilV02.uasset" 14
"../../../Engine/Content/VREditor/LaserPointer/VR_LaserPower_01.uasset" 15
"../../../Engine/Content/VREditor/LaserPointer/LaserPointerMaterial.uasset" 16
"../../../MixamoTest/Content/GTFreeMaterials/Materials/LaserPointerMaterial_Inst.uasset" 17
"../../../Engine/Content/VREditor/TransformGizmo/TranslucentTransformGizmoMaterial.uasset" 18
"../../../MixamoTest/Content/GTFreeMaterials/Materials/TranslucentHoverMaterial.uasset" 19
"../../../Engine/Content/VREditor/LaserPointer/LaserPointerMaterialInst.uasset" 20
"../../../MixamoTest/Content/GTFreeMaterials/Materials/TranslucentLaserPointerMaterialInst.uasset" 21
"../../../MixamoTest/Content/Mannequin/Character/Mesh/UE4_Mannequin_Skeleton.uasset" 22
"../../../MixamoTest/Content/Mannequin/Animations/ThirdPersonJump_End.uasset" 23
"../../../MixamoTest/Content/Mannequin/Animations/ThirdPerson_Jump.uasset" 24
"../../../MixamoTest/Content/Mannequin/Animations/ThirdPersonJump_Loop.uasset" 25
"../../../MixamoTest/Content/Mannequin/Animations/ThirdPersonJump_Start.uasset" 26
"../../../MixamoTest/Content/Mannequin/Animations/ThirdPersonIdle.uasset" 27
"../../../MixamoTest/Content/Mannequin/Animations/ThirdPersonRun.uasset" 28
"../../../MixamoTest/Content/Mannequin/Animations/ThirdPersonWalk.uasset" 29
"../../../MixamoTest/Content/Mannequin/Animations/ThirdPerson_IdleRun_2D.uasset" 30
"../../../Engine/Content/EditorBlueprintResources/StandardMacros.uasset" 31
"../../../MixamoTest/Content/Mannequin/Animations/ThirdPerson_AnimBP.uasset" 32
"../../../MixamoTest/Content/Mannequin/Ejemplo/Happy_Idle_Skeleton.uasset" 33
"../../../MixamoTest/Content/Mannequin/Ejemplo/Animacion/Brutal_To_Happy_Walking_mixamo_com.uasset" 34
"../../../MixamoTest/Content/Mannequin/Ejemplo/Animacion/Happy_Idle_Anim_mixamo_com.uasset" 35
"../../../MixamoTest/Content/Mannequin/Ejemplo/Animacion/Running_mixamo_com.uasset" 36
"../../../MixamoTest/Content/Mannequin/Ejemplo/Blend_ide_test.uasset" 37
"../../../MixamoTest/Content/Mannequin/Ejemplo/BP_AnimacionSkeleto.uasset" 38
"../../../MixamoTest/Content/Mannequin/Ejemplo2/Happy_Idle_Skeleton.uasset" 39
"../../../MixamoTest/Content/Mannequin/Ejemplo2/Animacion/Jump_Aire.uasset" 40
"../../../MixamoTest/Content/Mannequin/Ejemplo2/Animacion/Jump_Aire03.uasset" 41
"../../../MixamoTest/Content/Mannequin/Ejemplo2/Animacion/Jump_aire04.uasset" 42
"../../../MixamoTest/Content/Mannequin/Ejemplo2/Animacion/Anubis_Idle_Anim.uasset" 43
"../../../MixamoTest/Content/Mannequin/Ejemplo2/Animacion/Running__1_.uasset" 44
"../../../MixamoTest/Content/Mannequin/Ejemplo2/Animacion/Walking__3_.uasset" 45
"../../../MixamoTest/Content/Mannequin/Ejemplo2/Blueprint/Blend_anubis.uasset" 46
"../../../MixamoTest/Content/Mannequin/Ejemplo2/Material/03_-_Default.uasset" 47
"../../../MixamoTest/Content/Mannequin/Ejemplo2/Material/Material__45.uasset" 48
"../../../MixamoTest/Content/Mannequin/Ejemplo2/Material/Material__72.uasset" 49
"../../../MixamoTest/Content/Mats/MATS_PlataformaMovil.uasset" 50
"../../../MixamoTest/Content/Mats/MATS_Quieto.uasset" 51
"../../../MixamoTest/Content/Mannequin/Ejemplo2/Animacion/Dying_Backwards.uasset" 52
"../../../MixamoTest/Content/Mannequin/Ejemplo2/Animacion/Jump_aire02.uasset" 53
"../../../MixamoTest/Content/Mannequin/Ejemplo2/Animacion/Jump_aterrizaje.uasset" 54
"../../../MixamoTest/Content/Mannequin/Ejemplo2/Animacion/Jump_Inicio.uasset" 55
"../../../MixamoTest/Content/Mannequin/Ejemplo2/Animacion/Stand_Up.uasset" 56
"../../../MixamoTest/Content/Mannequin/Ejemplo2/Blueprint/Blend_Anubis01.uasset" 57
"../../../MixamoTest/Content/Mannequin/Ejemplo2/Blueprint/BP_AnubisTest.uasset" 58
"../../../MixamoTest/Content/Mannequin/Ejemplo2/Textura/Anubis_Metalness_tga.uasset" 59
"../../../MixamoTest/Content/Mannequin/Ejemplo2/Textura/Anubis_Roughness_tga.uasset" 60
"../../../MixamoTest/Content/Mannequin/Ejemplo2/Textura/AnubisNormalsMap_tga.uasset" 61
"../../../MixamoTest/Content/Mannequin/Ejemplo2/Material/MT_CuerpoAnubis.uasset" 62
"../../../MixamoTest/Content/Mannequin/Ejemplo2/Textura/Anubis_Diffuse_tga.uasset" 63
"../../../MixamoTest/Content/Mannequin/Ejemplo2/Material/MT_Diffuse.uasset" 64
"../../../MixamoTest/Content/Mannequin/Ejemplo2/Textura/Clothes_Diffuse_tga.uasset" 65
"../../../MixamoTest/Content/Mannequin/Ejemplo2/Textura/Clothes_Metalness_tga.uasset" 66
"../../../MixamoTest/Content/Mannequin/Ejemplo2/Textura/Clothes_Normals_tga.uasset" 67
"../../../MixamoTest/Content/Mannequin/Ejemplo2/Textura/Clothes_Roughness_tga.uasset" 68
"../../../MixamoTest/Content/Mannequin/Ejemplo2/Material/MT_RopaAnubis.uasset" 69
"../../../MixamoTest/Content/Mannequin/Ejemplo2/Happy_Idle_PhysicsAsset.uasset" 70
"../../../MixamoTest/Content/Mannequin/Ejemplo2/Happy_Idle.uasset" 71
"../../../MixamoTest/Content/ThirdPersonBP/Blueprints/ThirdPersonCharacter.uasset" 72
"../../../MixamoTest/Content/ThirdPersonBP/Blueprints/ThirdPersonGameMode.uasset" 73
"../../../Engine/Content/EngineMaterials/DefaultMaterial.uasset" 74
"../../../Engine/Content/BasicShapes/Cone.uasset" 75
"../../../Engine/Content/BasicShapes/Sphere.uasset" 76
"../../../Engine/Content/EditorLandscapeResources/DataLayer.uasset" 77
"../../../Engine/Content/EditorMaterials/GizmoMaterial.uasset" 78
"../../../Engine/Content/EditorMaterials/MAT_Groups_Toggle.uasset" 79
"../../../Engine/Content/EditorMaterials/MAT_Groups_Visibility.uasset" 80
"../../../Engine/Content/EditorMaterials/PreviewShadowIndicator.uasset" 81
"../../../Engine/Content/EditorMaterials/PreviewShadowIndicatorMaterial.uasset" 82
"../../../Engine/Content/EditorMaterials/MatineeGroups/MAT_ColorTrack.uasset" 83
"../../../Engine/Content/EditorMaterials/MatineeGroups/MAT_Groups_Anim.uasset" 84
"../../../Engine/Content/EditorMaterials/MatineeGroups/MAT_Groups_AudioMaster.uasset" 85
"../../../Engine/Content/EditorMaterials/MatineeGroups/MAT_Groups_Director.uasset" 86
"../../../Engine/Content/EditorMaterials/MatineeGroups/MAT_Groups_Event.uasset" 87
"../../../Engine/Content/EditorMaterials/MatineeGroups/MAT_Groups_Fade.uasset" 88
"../../../Engine/Content/EditorMaterials/MatineeGroups/MAT_Groups_Float.uasset" 89
"../../../Engine/Content/EditorMaterials/MatineeGroups/MAT_Groups_Move.uasset" 90
"../../../Engine/Content/EditorMaterials/MatineeGroups/MAT_Groups_Slomo.uasset" 91
"../../../Engine/Content/EditorMaterials/MatineeGroups/MAT_Groups_Sound.uasset" 92
"../../../Engine/Content/EditorMaterials/MatineeGroups/MAT_Groups_Vector.uasset" 93
"../../../Engine/Content/EditorMaterials/ParticleSystems/PSysThumbnail_NoImage.uasset" 94
"../../../Engine/Content/EditorMaterials/ParticleSystems/PSysThumbnail_OOD.uasset" 95
"../../../Engine/Content/EditorMaterials/Camera/CineMat.uasset" 96
"../../../Engine/Content/EditorMaterials/Camera/MI_CineMat_Rig.uasset" 97
"../../../Engine/Content/EditorMeshes/Camera/SM_CraneRig_Arm.uasset" 98
"../../../Engine/Content/EditorMeshes/Camera/SM_CraneRig_Base.uasset" 99
"../../../Engine/Content/EditorMeshes/Camera/SM_CraneRig_Body.uasset" 100
"../../../Engine/Content/EditorMeshes/Camera/SM_CraneRig_Mount.uasset" 101
"../../../Engine/Content/EditorMeshes/Camera/SM_RailRig_Mount.uasset" 102
"../../../Engine/Content/EditorMeshes/Camera/SM_RailRig_Track.uasset" 103
"../../../Engine/Content/EditorMeshes/ColorCalibrator/M_ChromeBall.uasset" 104
"../../../Engine/Content/EditorMeshes/ColorCalibrator/M_ClearCoat.uasset" 105
"../../../Engine/Content/EditorMeshes/ColorCalibrator/M_ClearCoatBlack.uasset" 106
"../../../Engine/Content/EditorMeshes/ColorCalibrator/Color_checker.uasset" 107
"../../../Engine/Content/EditorMeshes/ColorCalibrator/M_ColorGrid.uasset" 108
"../../../Engine/Content/EditorMeshes/ColorCalibrator/M_GreyBall.uasset" 109
"../../../Engine/Content/EditorMeshes/ColorCalibrator/SM_ColorCalibrator.uasset" 110
"../../../Engine/Content/EditorResources/BSPVertex.uasset" 111
"../../../Engine/Content/EditorResources/EmptyActor.uasset" 112
"../../../Engine/Content/EditorResources/S_Actor.uasset" 113
"../../../Engine/Content/EditorResources/S_Trigger.uasset" 114
"../../../Engine/Content/EditorResources/LightIcons/S_LightError.uasset" 115
"../../../Engine/Content/EditorResources/SequenceRecorder/Countdown.uasset" 116
"../../../Engine/Content/EditorResources/SequenceRecorder/RecordingIndicator.uasset" 117
"../../../Engine/Content/EditorSounds/Notifications/CompileFailed.uasset" 118
"../../../Engine/Content/EditorSounds/Notifications/CompileFailed_Cue.uasset" 119
"../../../Engine/Content/EditorSounds/Notifications/CompileSuccess.uasset" 120
"../../../Engine/Content/EditorSounds/Notifications/CompileStart_Cue.uasset" 121
"../../../Engine/Content/EditorSounds/Notifications/CompileSuccess_Cue.uasset" 122
"../../../Engine/Content/EngineDamageTypes/DmgTypeBP_Environmental.uasset" 123
"../../../Engine/Content/EngineDebugMaterials/HeatmapGradient.uasset" 124
"../../../Engine/Content/EngineDebugMaterials/BoneWeightMaterial.uasset" 125
"../../../Engine/Content/EngineDebugMaterials/ClothMaterial.uasset" 126
"../../../Engine/Content/EngineDebugMaterials/ClothMaterial_WF.uasset" 127
"../../../Engine/Content/EngineDebugMaterials/DebugEditorMaterial.uasset" 128
"../../../Engine/Content/EngineDebugMaterials/DebugMeshMaterial.uasset" 129
"../../../Engine/Content/EngineDebugMaterials/GeomMaterial.uasset" 130
"../../../Engine/Content/EngineFonts/Faces/RobotoBold.uasset" 131
"../../../Engine/Content/EngineFonts/Faces/RobotoBoldItalic.uasset" 132
"../../../Engine/Content/EngineFonts/Faces/RobotoItalic.uasset" 133
"../../../Engine/Content/EngineFonts/Faces/RobotoLight.uasset" 134
"../../../Engine/Content/EngineFonts/Faces/RobotoRegular.uasset" 135
"../../../Engine/Content/EngineFonts/Roboto.uasset" 136
"../../../Engine/Content/EngineFonts/Faces/RobotoTiny.uasset" 137
"../../../Engine/Content/EngineFonts/RobotoTiny.uasset" 138
"../../../Engine/Content/EngineMaterials/DefaultBloomKernel.uasset" 139
"../../../Engine/Content/EngineMaterials/DefaultBokeh.uasset" 140
"../../../Engine/Content/EngineMaterials/DefaultDiffuse.uasset" 141
"../../../Engine/Content/EngineMaterials/DefaultDeferredDecalMaterial.uasset" 142
"../../../Engine/Content/EngineMaterials/DefaultLightFunctionMaterial.uasset" 143
"../../../Engine/Content/EngineMaterials/DefaultPhysicalMaterial.uasset" 144
"../../../Engine/Content/Functions/Engine_MaterialFunctions02/Utility/BreakOutFloat2Components.uasset" 145
"../../../Engine/Content/EngineMaterials/DefaultPostProcessMaterial.uasset" 146
"../../../Engine/Content/EngineFonts/RobotoDistanceField.uasset" 147
"../../../Engine/Content/EngineMaterials/DefaultTextMaterialOpaque.uasset" 148
"../../../Engine/Content/EngineMaterials/DefaultWhiteGrid.uasset" 149
"../../../Engine/Content/EngineMaterials/EditorBrushMaterial.uasset" 150
"../../../Engine/Content/EngineMaterials/Good64x64TilingNoiseHighFreq.uasset" 151
"../../../Engine/Content/EngineMaterials/MiniFont.uasset" 152
"../../../Engine/Content/EngineMaterials/InvalidLightmapSettings.uasset" 153
"../../../Engine/Content/EngineMaterials/M_InvalidLightmapSettings.uasset" 154
"../../../Engine/Content/Functions/Engine_MaterialFunctions02/WorldPositionOffset/CameraOffset.uasset" 155
"../../../Engine/Content/EngineMaterials/PhAT_JointLimitMaterial.uasset" 156
"../../../Engine/Content/EngineMaterials/PreintegratedSkinBRDF.uasset" 157
"../../../Engine/Content/EngineMaterials/RemoveSurfaceMaterial.uasset" 158
"../../../Engine/Content/EngineMaterials/WeightMapPlaceholderTexture.uasset" 159
"../../../Engine/Content/EngineResources/WhiteSquareTexture.uasset" 160
"../../../Engine/Content/EngineMaterials/Widget3DPassThrough.uasset" 161
"../../../Engine/Content/EngineMaterials/Widget3DPassThrough_Masked.uasset" 162
"../../../Engine/Content/EngineMaterials/Widget3DPassThrough_Opaque.uasset" 163
"../../../Engine/Content/EngineMaterials/Widget3DPassThrough_Masked_OneSided.uasset" 164
"../../../Engine/Content/EngineMaterials/Widget3DPassThrough_Opaque_OneSided.uasset" 165
"../../../Engine/Content/EngineMaterials/Widget3DPassThrough_Translucent.uasset" 166
"../../../Engine/Content/EngineMaterials/Widget3DPassThrough_Translucent_OneSided.uasset" 167
"../../../Engine/Content/EngineMeshes/Cube.uasset" 168
"../../../Engine/Content/EngineMeshes/Cylinder.uasset" 169
"../../../Engine/Content/EngineMeshes/Sphere.uasset" 170
"../../../Engine/Content/EngineResources/Black.uasset" 171
"../../../Engine/Content/EngineResources/DefaultTexture.uasset" 172
"../../../Engine/Content/EngineResources/DefaultTextureCube.uasset" 173
"../../../Engine/Content/EngineResources/GradientTexture0.uasset" 174
"../../../Engine/Content/EngineSounds/Master.uasset" 175
"../../../Engine/Content/Functions/Engine_MaterialFunctions01/Shading/ConvertFromDiffSpec.uasset" 176
"../../../Engine/Content/Functions/Engine_MaterialFunctions01/Shading/PowerToRoughness.uasset" 177
"../../../Engine/Content/Maps/Templates/Thumbnails/Default.uasset" 178
"../../../Engine/Content/Maps/Templates/Thumbnails/VR-Basic.uasset" 179
"../../../Engine/Content/MobileResources/T_MobileControls_texture.uasset" 180
"../../../Engine/Content/MobileResources/T_MobileMenu2.uasset" 181
"../../../Engine/Content/MobileResources/HUD/AnalogHat.uasset" 182
"../../../Engine/Content/MobileResources/HUD/VirtualJoystick_Background.uasset" 183
"../../../Engine/Content/MobileResources/HUD/VirtualJoystick_Thumb.uasset" 184
"../../../Engine/Content/MobileResources/HUD/DefaultVirtualJoysticks.uasset" 185
"../../../Engine/Content/MobileResources/HUD/LeftVirtualJoystickOnly.uasset" 186
"../../../Engine/Content/MobileResources/HUD/MobileHUDButton1_off.uasset" 187
"../../../Engine/Content/MobileResources/HUD/MobileHUDButton1_on.uasset" 188
"../../../Engine/Content/MobileResources/HUD/MobileHUDButton2_off.uasset" 189
"../../../Engine/Content/MobileResources/HUD/MobileHUDButton2_on.uasset" 190
"../../../Engine/Content/MobileResources/HUD/MobileHUDButton3.uasset" 191
"../../../Engine/Content/MobileResources/HUD/MobileHUDButtonFire.uasset" 192
"../../../Engine/Content/MobileResources/HUD/MobileHUDDirectionPad.uasset" 193
"../../../Engine/Content/MobileResources/HUD/MobileHUDDirectionPad2.uasset" 194
"../../../Engine/Content/MobileResources/HUD/MobileHUDDirectionPad3.uasset" 195
"../../../Engine/Content/MobileResources/HUD/MobileHUDDirectionStick.uasset" 196
"../../../Engine/Content/MobileResources/HUD/T_Castle_ThumbstickInner.uasset" 197
"../../../Engine/Content/MobileResources/HUD/T_Castle_ThumbstickOutter.uasset" 198
"../../../Engine/Content/Tutorial/ContentIntroCurve.uasset" 199
"../../../Engine/Content/Tutorial/Basics/TutorialAssets/icon_tab_Levels_40x.uasset" 200
"../../../Engine/Content/Tutorial/BlueprintTutorials/TutorialAssets/BlueprintInterface_64x.uasset" 201
"../../../Engine/Content/Tutorial/BlueprintTutorials/TutorialAssets/BlueprintMacroLibrary_64x.uasset" 202
"../../../Engine/Content/Tutorial/BlueprintTutorials/TutorialAssets/Blueprint_64x.uasset" 203
"../../../Engine/Content/Tutorial/BlueprintTutorials/TutorialAssets/Tutorial_BP_Interface.uasset" 204
"../../../Engine/Content/Tutorial/Foliage/TutorialAssets/Foliage.uasset" 205
"../../../Engine/Content/Tutorial/Landscape/TutorialAssets/Landscape.uasset" 206
"../../../Engine/Content/Tutorial/Paper2D/TutorialAssets/Paper2DFlipbook_TutorialIcon.uasset" 207
"../../../Engine/Content/Tutorial/Paper2D/TutorialAssets/Paper2DSprite_TutorialIcon.uasset" 208
"../../../Engine/Content/Tutorial/SubEditors/TutorialAssets/icon_Editor_Preferences_General_40x.uasset" 209
"../../../Engine/Content/Tutorial/SubEditors/TutorialAssets/icon_ShowSkeletalMeshes_40x.uasset" 210
"../../../Engine/Content/Tutorial/SubEditors/TutorialAssets/TutorialMaterial.uasset" 211
"../../../Engine/Content/Tutorial/SubEditors/TutorialAssets/T_SmokeSubUV_8X8.uasset" 212
"../../../Engine/Content/Tutorial/SubEditors/TutorialAssets/T_soft_smoke.uasset" 213
"../../../Engine/Content/Tutorial/SubEditors/TutorialAssets/M_smoke_subUV_blackbody.uasset" 214
"../../../Engine/Content/Tutorial/SubEditors/TutorialAssets/TutorialParticleSystem.uasset" 215
"../../../Engine/Content/VREditor/Devices/Generic/GenericHMDMaterial.uasset" 216
"../../../Engine/Content/VREditor/Devices/Generic/GenericHMD.uasset" 217
"../../../Engine/Content/VREditor/FloatingText/LineMaterial.uasset" 218
"../../../Engine/Content/VREditor/FloatingText/JointSphere.uasset" 219
"../../../Engine/Content/VREditor/FloatingText/LineSegmentCylinder.uasset" 220
"../../../Engine/Content/VREditor/Fonts/VRText_RobotoLarge.uasset" 221
"../../../Engine/Content/VREditor/Fonts/VRTextMaterial.uasset" 222
"../../../Engine/Content/VREditor/Fonts/TranslucentVRTextMaterial.uasset" 223
"../../../Engine/Content/VREditor/LaserPointer/CursorPointer.uasset" 224
"../../../Engine/Content/VREditor/TransformGizmo/TransformGizmoMaterial.uasset" 225
"../../../Engine/Content/VREditor/LaserPointer/HoverMaterial.uasset" 226
"../../../Engine/Content/VREditor/LaserPointer/TranslucentHoverMaterial.uasset" 227
"../../../Engine/Content/VREditor/LaserPointer/HoverMesh.uasset" 228
"../../../Engine/Content/VREditor/LaserPointer/TranslucentLaserPointerMaterialInst.uasset" 229
"../../../Engine/Content/VREditor/LaserPointer/LaserPointerMesh.uasset" 230
"../../../Engine/Content/VREditor/LaserPointer/LaserPointerMesh_End.uasset" 231
"../../../Engine/Content/VREditor/LaserPointer/LaserPointerMesh_Start.uasset" 232
"../../../Engine/Content/Functions/Engine_MaterialFunctions02/Utility/BreakOutFloat3Components.uasset" 233
"../../../Engine/Content/Functions/Engine_MaterialFunctions02/Math/Transform3x3Matrix.uasset" 234
"../../../Engine/Content/Functions/Engine_MaterialFunctions02/SplitComponents.uasset" 235
"../../../Engine/Content/Functions/Engine_MaterialFunctions02/Utility/MakeFloat3.uasset" 236
"../../../Engine/Content/VREditor/SnapGrid/SnapGridMaterial.uasset" 237
"../../../Engine/Content/VREditor/SnapGrid/SnapGridPlaneMesh.uasset" 238
"../../../Engine/Content/VREditor/Sounds/VR_teleport.uasset" 239
"../../../Engine/Content/VREditor/Sounds/UI/Click_on_Button_Cue.uasset" 240
"../../../Engine/Content/VREditor/Sounds/UI/Dockable_Window_Close.uasset" 241
"../../../Engine/Content/VREditor/Sounds/UI/Dockable_Window_Drop.uasset" 242
"../../../Engine/Content/VREditor/Sounds/UI/Dockable_Window_Open.uasset" 243
"../../../Engine/Content/VREditor/Sounds/UI/Dockable_Window_Pick_Up.uasset" 244
"../../../Engine/Content/VREditor/Sounds/UI/Drop_Item_From_ContentBrowser.uasset" 245
"../../../Engine/Content/VREditor/Sounds/UI/Floating_UI_Open-001.uasset" 246
"../../../Engine/Content/VREditor/Sounds/UI/Gizmo_Handle_Clicked.uasset" 247
"../../../Engine/Content/VREditor/Sounds/UI/Object_PickUp.uasset" 248
"../../../Engine/Content/VREditor/Sounds/UI/Object_Snaps_To_Another_Actor.uasset" 249
"../../../Engine/Content/VREditor/Sounds/UI/Object_Snaps_To_Grid.uasset" 250
"../../../Engine/Content/VREditor/Sounds/UI/Radial_Menu_FadeOut.uasset" 251
"../../../Engine/Content/VREditor/Sounds/UI/Scaling_Down.uasset" 252
"../../../Engine/Content/VREditor/Sounds/UI/Scaling_Up.uasset" 253
"../../../Engine/Content/VREditor/Sounds/UI/Selection_Changes.uasset" 254
"../../../Engine/Content/VREditor/Sounds/UI/Teleport_Mode_Entered.uasset" 255
"../../../Engine/Content/VREditor/Teleport/TeleportDirectionMaterial.uasset" 256
"../../../Engine/Content/VREditor/Teleport/TeleportDirectionMaterial_Inst.uasset" 257
"../../../Engine/Content/VREditor/Teleport/TeleportDirectionMesh.uasset" 258
"../../../Engine/Content/VREditor/TransformGizmo/BoundingBoxCorner.uasset" 259
"../../../Engine/Content/VREditor/TransformGizmo/BoundingBoxEdge.uasset" 260
"../../../Engine/Content/VREditor/TransformGizmo/PlaneTranslationHandle.uasset" 261
"../../../Engine/Content/VREditor/TransformGizmo/RotationHandleFull.uasset" 262
"../../../Engine/Content/VREditor/TransformGizmo/RotationHandleIndicator.uasset" 263
"../../../Engine/Content/VREditor/TransformGizmo/RotationHandleQuarter.uasset" 264
"../../../Engine/Content/VREditor/TransformGizmo/Main.uasset" 265
"../../../Engine/Content/VREditor/TransformGizmo/Xray.uasset" 266
"../../../Engine/Content/VREditor/TransformGizmo/SM_Dialog_Close.uasset" 267
"../../../Engine/Content/VREditor/TransformGizmo/SM_Dialog_Move.uasset" 268
"../../../Engine/Content/VREditor/TransformGizmo/SM_Sequencer_Key.uasset" 269
"../../../Engine/Content/VREditor/TransformGizmo/SM_Sequencer_Node.uasset" 270
"../../../Engine/Content/VREditor/TransformGizmo/StartRotationHandleIndicator.uasset" 271
"../../../Engine/Content/VREditor/TransformGizmo/TranslucentTransformGizmoMaterial_Inst.uasset" 272
"../../../Engine/Content/VREditor/TransformGizmo/TransformGizmoFreeRotation.uasset" 273
"../../../Engine/Content/VREditor/TransformGizmo/TransformGizmoMaterial_Inst.uasset" 274
"../../../Engine/Content/VREditor/TransformGizmo/TranslateArrowHandle.uasset" 275
"../../../Engine/Content/VREditor/TransformGizmo/UniformScaleHandle.uasset" 276
"../../../Engine/Content/VREditor/UI/KeyDiskMaterial.uasset" 277
"../../../Engine/Content/VREditor/UI/DiscMaterial.uasset" 278
"../../../Engine/Content/VREditor/UI/SM_Radial_Disk.uasset" 279
"../../../Engine/Content/Functions/Engine_MaterialFunctions01/Gradient/RadialGradient.uasset" 280
"../../../Engine/Content/VREditor/WorldMovementGrid/SimpleGrid.uasset" 281
"../../../Engine/Content/VREditor/WorldMovementGrid/GridMaterial.uasset" 282
"../../../Engine/Content/Functions/Engine_MaterialFunctions01/Density/ExponentialDensity.uasset" 283
"../../../Engine/Content/VREditor/WorldMovementGrid/GridPostProcess.uasset" 284
"../../../Engine/Content/EditorLandscapeResources/FlattenHeightMat.uasset" 285
"../../../Engine/Content/VREditor/WorldMovementGrid/PlaneMesh.uasset" 286
"../../../Engine/Plugins/2D/Paper2D/Content/PlaceholderTextures/DummySpriteTexture.uasset" 287
"../../../Engine/Plugins/2D/Paper2D/Content/DummySprite.uasset" 288
"../../../Engine/Plugins/2D/Paper2D/Content/DefaultPaperTerrainMaterial.uasset" 289
"../../../Engine/Plugins/2D/Paper2D/Content/DefaultSpriteMaterial.uasset" 290
"../../../Engine/Plugins/2D/Paper2D/Content/MaskedUnlitSpriteMaterial.uasset" 291
"../../../Engine/Plugins/2D/Paper2D/Content/OpaqueUnlitSpriteMaterial.uasset" 292
"../../../Engine/Plugins/Media/MediaCompositing/Content/DefaultMediaPlaneMaterial.uasset" 293
"../../../Engine/Content/Functions/Engine_MaterialFunctions01/Texturing/ScaleUVsByCenter.uasset" 294
"../../../Engine/Content/Functions/Engine_MaterialFunctions02/Utility/MakeFloat4.uasset" 295
"../../../Engine/Plugins/Runtime/AppleARKit/Content/ARKitCameraMaterial.uasset" 296
"../../../Engine/Plugins/Runtime/Oculus/OculusVR/Content/Textures/GearVRController_AO.uasset" 297
"../../../Engine/Plugins/Runtime/Oculus/OculusVR/Content/Textures/GearVRController_Color.uasset" 298
"../../../Engine/Plugins/Runtime/Oculus/OculusVR/Content/Textures/GearVRController_Normal.uasset" 299
"../../../Engine/Plugins/Runtime/Oculus/OculusVR/Content/Materials/GearVRControllerMaterial.uasset" 300
"../../../Engine/Plugins/Runtime/Oculus/OculusVR/Content/Meshes/GearVrController.uasset" 301
"../../../Engine/Content/EngineSky/C_Sky_Cloud_Color.uasset" 302
"../../../Engine/Content/EngineSky/C_Sky_Horizon_Color.uasset" 303
"../../../Engine/Content/EngineSky/C_Sky_Zenith_Color.uasset" 304
"../../../Engine/Content/EngineSky/T_Sky_Blue.uasset" 305
"../../../Engine/Content/EngineSky/T_Sky_Clouds_M.uasset" 306
"../../../Engine/Content/EngineSky/T_Sky_Stars.uasset" 307
"../../../Engine/Content/EngineSky/M_Sky_Panning_Clouds2.uasset" 308
"../../../Engine/Content/EngineSky/SM_SkySphere.uasset" 309
"../../../Engine/Content/EngineSky/BP_Sky_Sphere.uasset" 310
"../../../MixamoTest/Content/GTFreeMaterials/Textures/4ChannelGrunge.uasset" 311
"../../../MixamoTest/Content/GTFreeMaterials/Textures/Metal_sciFiCurveyWall/Metal_sciFiCurveyWall_2k_ao.uasset" 312
"../../../MixamoTest/Content/GTFreeMaterials/Textures/Metal_sciFiCurveyWall/Metal_sciFiCurveyWall_2k_g.uasset" 313
"../../../MixamoTest/Content/GTFreeMaterials/Textures/Metal_sciFiCurveyWall/Metal_sciFiCurveyWall_2k_mask.uasset" 314
"../../../MixamoTest/Content/GTFreeMaterials/Textures/Metal_sciFiCurveyWall/Metal_sciFiCurveyWall_2k_n.uasset" 315
"../../../MixamoTest/Content/GTFreeMaterials/Textures/Metal_sciFiCurveyWall/Metal_sciFiCurveyWall_2k_s.uasset" 316
"../../../MixamoTest/Content/GTFreeMaterials/Materials/Metal_sciFiCurveyWall.uasset" 317
"../../../Engine/Content/BasicShapes/Cylinder.uasset" 318
"../../../MixamoTest/Content/Blueprint/Plataforma/BP_PlataformaCircular.uasset" 319
"../../../MixamoTest/Content/Blueprint/Plataforma/BP_PlataformaCircular1.uasset" 320
"../../../MixamoTest/Content/Blueprint/Plataforma/BP_PlataformaCircular2.uasset" 321
"../../../MixamoTest/Content/Blueprint/Plataforma/BP_PlataformaCircular3.uasset" 322
"../../../MixamoTest/Content/Blueprint/Plataforma/BP_PlataformaCircular5.uasset" 323
"../../../MixamoTest/Content/Blueprint/Plataforma/BP_PlataformaCircular6.uasset" 324
"../../../MixamoTest/Content/GTFreeMaterials/Textures/Metal_ReinforcedGridWall/Metal_ReinforcedGridWall_2k_ao.uasset" 325
"../../../MixamoTest/Content/GTFreeMaterials/Textures/Metal_ReinforcedGridWall/Metal_ReinforcedGridWall_2k_g.uasset" 326
"../../../MixamoTest/Content/GTFreeMaterials/Textures/Metal_ReinforcedGridWall/Metal_ReinforcedGridWall_2k_mask.uasset" 327
"../../../MixamoTest/Content/GTFreeMaterials/Textures/Metal_ReinforcedGridWall/Metal_ReinforcedGridWall_2k_n.uasset" 328
"../../../MixamoTest/Content/GTFreeMaterials/Textures/Metal_ReinforcedGridWall/Metal_ReinforcedGridWall_2k_s.uasset" 329
"../../../MixamoTest/Content/GTFreeMaterials/Materials/Metal_ReinforcedGridWall.uasset" 330
"../../../MixamoTest/Content/Blueprint/Plataforma/Plataforma_cambio.uasset" 331
"../../../MixamoTest/Content/Blueprint/Plataforma/Plataforma_movilH02.uasset" 332
"../../../MixamoTest/Content/Blueprint/Plataforma/Plataforma_MovilH03.uasset" 333
"../../../MixamoTest/Content/Blueprint/Plataforma/Plataforma_MovilH04.uasset" 334
"../../../MixamoTest/Content/Blueprint/Plataforma/Plataforma_MovilH05.uasset" 335
"../../../MixamoTest/Content/Blueprint/Plataforma/Plataforma_movilH06.uasset" 336
"../../../MixamoTest/Content/Blueprint/Plataforma/Plataforma_MovilS01.uasset" 337
"../../../MixamoTest/Content/Blueprint/Plataforma/Plataforma_MovilV01.uasset" 338
"../../../Engine/Content/BasicShapes/Cube.uasset" 339
"../../../MixamoTest/Content/Blueprint/Plataforma/Trampa01.uasset" 340
"../../../MixamoTest/Content/Blueprint/Plataforma/Trampa02.uasset" 341
"../../../MixamoTest/Content/Blueprint/Plataforma/Trampa03.uasset" 342
"../../../MixamoTest/Content/Blueprint/Plataforma/Trampa04.uasset" 343
"../../../MixamoTest/Content/Blueprint/Plataforma/Trampa05.uasset" 344
"../../../MixamoTest/Content/Blueprint/Plataforma/Trampa_Caida01.uasset" 345
"../../../MixamoTest/Content/Blueprint/Plataforma/Trampa_Caida02.uasset" 346
"../../../MixamoTest/Content/GTFreeMaterials/Materials/Metal_ReinforcedGridWall1.uasset" 347
"../../../MixamoTest/Content/Music/223188__keweldog__stab-base.uasset" 348
"../../../MixamoTest/Content/Music/Ambiente.uasset" 349
"../../../MixamoTest/Content/ThirdPerson/Meshes/RampMaterial.uasset" 350
"../../../MixamoTest/Content/ThirdPerson/Meshes/Linear_Stair_StaticMesh.uasset" 351
"../../../MixamoTest/Content/Leveles/Plataforma.umap" 352
"../../../MixamoTest/Content/Blueprint/Plataforma2/BP_CircularMovil.uasset" 353
"../../../MixamoTest/Content/GTFreeMaterials/Materials/LaserPointerMaterial.uasset" 354
"../../../MixamoTest/Content/Blueprint/Plataforma2/BP_CircularMovil1.uasset" 355
"../../../MixamoTest/Content/GTFreeMaterials/Materials/MT_Plataformas_caida.uasset" 356
"../../../MixamoTest/Content/Blueprint/Plataforma2/BP_PlataformaCaida01.uasset" 357
"../../../Engine/Content/VREditor/LaserPointer/LaserPointerMaterial_Inst.uasset" 358
"../../../MixamoTest/Content/Blueprint/Plataforma2/BP_PlataformaMovil01.uasset" 359
"../../../MixamoTest/Content/Blueprint/Plataforma2/BP_PlataformaMovil02.uasset" 360
"../../../MixamoTest/Content/Blueprint/Plataforma2/BP_PlataformaMovil03.uasset" 361
"../../../MixamoTest/Content/Blueprint/Plataforma2/BP_PlataformaMovil04.uasset" 362
"../../../MixamoTest/Content/GTFreeMaterials/Textures/Metal_CyberCube/Metal_CyberCube_2k_ao.uasset" 363
"../../../MixamoTest/Content/GTFreeMaterials/Textures/Metal_CyberCube/Metal_CyberCube_2k_g.uasset" 364
"../../../MixamoTest/Content/GTFreeMaterials/Textures/Metal_CyberCube/Metal_CyberCube_2k_n.uasset" 365
"../../../MixamoTest/Content/GTFreeMaterials/Textures/Metal_CyberCube/Metal_CyberCube_2k_s.uasset" 366
"../../../MixamoTest/Content/GTFreeMaterials/Textures/Metal_CyberCube/Metal_CyberCube_2k_t.uasset" 367
"../../../MixamoTest/Content/GTFreeMaterials/Materials/Metal_CyberCube.uasset" 368
"../../../MixamoTest/Content/Blueprint/Plataforma2/UltimaPlataforma.uasset" 369
"../../../MixamoTest/Content/Leveles/Plataforma2_BuiltData.uasset" 370
"../../../MixamoTest/Content/Leveles/Plataforma2.umap" 371
"../../../MixamoTest/Content/ThirdPersonBP/Maps/ThirdPersonExampleMap_BuiltData.uasset" 372
"../../../MixamoTest/Content/Geometry/Meshes/CubeMaterial.uasset" 373
"../../../MixamoTest/Content/Geometry/Meshes/1M_Cube.uasset" 374
"../../../MixamoTest/Content/Geometry/Meshes/1M_Cube_Chamfer.uasset" 375
"../../../MixamoTest/Content/Geometry/Meshes/TemplateFloor.uasset" 376
"../../../MixamoTest/Content/ThirdPerson/Meshes/Bump_StaticMesh.uasset" 377
"../../../MixamoTest/Content/ThirdPerson/Meshes/LeftArm_StaticMesh.uasset" 378
"../../../MixamoTest/Content/ThirdPerson/Meshes/Ramp_StaticMesh.uasset" 379
"../../../MixamoTest/Content/ThirdPerson/Meshes/RightArm_StaticMesh.uasset" 380
"../../../MixamoTest/Content/ThirdPersonBP/Maps/ThirdPersonExampleMap.umap" 381
"../../../Engine/Content/Maps/Entry.umap" 382
